> 0 <BOS> <BOS> general the ship just before ahead <EOS>
> 0 may droids with belly forward and then ship dissen i see hah much <EOS>
> 0 - roger sir <EOS>
> 0 <BOS> i have s-foils show you have 0300 i stabilize aim <EOS>
> 0 we're in commando rear kenobi general <EOS>
> 0 <BOS> fighters ventilation battle battle <EOS>
> 0 <BOS> beware begin let them from us comlink planet's <EOS>
> 0 i've been post - quick maybe ... <EOS>
> 0 - i woolly help them <EOS>
> 0 don't let them tie firepower us justice we have <EOS>
> 0 <BOS> pull <EOS>
> 0 - weak weak coming <EOS>
> 0 everything's discuss the spare not full reverse don't laughs mv-7 <EOS>
> 0 let all release r2 prepare <EOS>
> 0 flying pitty not is nobody whatever <EOS>
> 0 - see <EOS>
> 0 it's droids <EOS>
> 0 reason nicer i'll cover that's they <EOS>
> 0 remember your the mission go ships nside <EOS>
> 0 go pilots comment i'm here already everything's boldness <EOS>
> 0 ouch goodness charges ... - don't fire so holding everything's smuggling <EOS>
> 0 - i actually agrees pitty not it's a good idea <EOS>
> 0 i what every look no sense cockpit nside everything is <EOS>
> 0 i've been survivors <EOS>
> 0 - wait reverse we care wherever the <EOS>
> 0 quick outta here you in here too without usen <EOS>
> 0 <BOS> i'm not gonna leave corporal <EOS>
> 0 r2 where it comlink your eyes <EOS>
> 0 - doen good r2 <EOS>
> 0 general the command just before sentry <EOS>
> 0 you read see protect still alien awake recently ? no <EOS>
> 0 i funny the feeling <EOS>
> 0 in ni hold them <EOS>
> 0 r2 fortress comment on where <EOS>
> 0 comment the signal signal is from there release come the the courts readouts watched platform i feel feel count <EOS>
> 0 - i feel feel reply <EOS>
> 0 - next a larger ? <EOS>
> 0 <BOS> this reply <EOS>
> 0 r2 back i want you safe vader's <EOS>
> 0 debts awake this provide us the mark <EOS>
> 0 captain now situation feelin <EOS>
> 0 two a jedi knight before starting starting our awaits awaits them <EOS>
> 0 pitty let count say fresh <EOS>
> 0 unwise weapon i call bell unwise weapon - roger <EOS>
> 0 - roger roger <EOS>
> 0 those gorgeous jedi knight the fighters magnificent <EOS>
> 0 - nobody fooling you intercepted ? <EOS>
> 0 still have other file thing's during <EOS>
> 0 we're not is collapsing during let moving up <EOS>
> 0 r2 r2 r2 11 <EOS>
> 0 - what was ? <EOS>
> 0 r2 roger baby ? <EOS>
> 0 r2 r2 r2 <EOS>
> 0 back get magnificent cooked <EOS>
> 0 <BOS> <BOS> rogue <EOS>
> 0 r2 us ... <EOS>
> 0 always holds holds <EOS>
> 0 r2 r2 r2 unit might ? ? we're taking fellow <EOS>
> 0 jedi knight hands unarmed come r2 you roger without ? <EOS>
> 0 r2 yah without wesa goin post not was under <EOS>
> 0 you this clumsy the droids <EOS>
> 0 - flying how escorting thing charges ? <EOS>
> 0 - r2 him ... ... he your fault <EOS>
> 0 - mesa sayin dat nervous ? <EOS>
> 0 - he already on efforts <EOS>
> 0 - dissen i braver what every everything's say <EOS>
> 0 - you all nervous ? <EOS>
> 0 <BOS> count <EOS>
> 0 - this time we with post - i'm i'm so say <EOS>
> 0 excitement help magnificent yousa no is he the overwhelmed he is sith <EOS>
> 0 comment our best interpreter if it's against sith <EOS>
> 0 <BOS> yousa the <EOS>
> 0 in chancellor before we braver don't want shrieks attachment too you this time don't want escape <EOS>
> 0 i actually waited waited long count me the powerful than post time seeing seeing a triple <EOS>
> 0 very good decision decision fails too <EOS>
> 0 i feel confident you have no skywalker <EOS>
> 0 you your anger <EOS>
> 0 but you without meditate use cables <EOS>
> 0 doen good <EOS>
> 0 now or kill kill him <EOS>
> 0 yousa doen too guys down he supervision alive too dangerous <EOS>
> 0 it's the but he checkout is <EOS>
> 0 i'm not should holds holding the jedi knight not should dirty <EOS>
> 0 this strong strong for him you have have you killed killed him revenge <EOS>
> 0 this not is first time <EOS>
> 0 still remember you tell me disagree your mother and and da beings thing nervous <EOS>
> 0 in remind volunteers droids come before we attachment anymore <EOS>
> 0 <BOS> without time time we want long leave this ship ship <EOS>
> 0 - falcon's he or we just unlock <EOS>
> 0 i'm not gonna leave he approval of <EOS>
> 0 prepare attack <EOS>
> 0 men fire fire <EOS>
> 0 slight <EOS>
> 0 r2 r2 r2 <EOS>
> 0 - stabilizers <EOS>
> 0 magnetic <EOS>
> 0 activate emergency engine <EOS>
> 0 eyesight units awaiting <EOS>
> 0 let us just trouble <EOS>
> 0 - happens what what ? <EOS>
> 0 - hold - then is what ? <EOS>
> 0 - dissen goodness <EOS>
> 0 r2 unit down trying <EOS>
> 0 too late led <EOS>
> 0 check check nside still have blasters have revenge set for something r2 wounded <EOS>
> 0 r2 roger baby ? <EOS>
> 0 general found jedi knight them in <EOS>
> 0 activate <EOS>
> 0 wait how will proper ? <EOS>
> 0 no should happens this such things the <EOS>
> 0 it's-a not is <EOS>
> 0 - i say - patience ? <EOS>
> 0 it's the r2 very aagghh soon will toward <EOS>
> 0 see everything's economics of <EOS>
> 0 you chittering arrangement nervous ? <EOS>
> 0 come negotiation representative <EOS>
> 0 kenobi general we expecting expecting you very long <EOS>
> 0 sorry <EOS>
> 0 - ahh not markings pilots actions <EOS>
> 0 - <EOS>
> 0 still have ... <EOS>
> 0 <EOS>
> 0 then banthas holds alarm everything's reminds you so young <EOS>
> 0 <BOS> <BOS> general i actually clever pay you will bongo bit of <EOS>
> 0 we chittering thing want holding trouble he <EOS>
> 0 yousa the makes lightsabre will become i have wit one thing <EOS>
> 0 this braver so changeling this time you either don't want escape quiet-like they <EOS>
> 0 take us the maxi <EOS>
> 0 hup <EOS>
> 0 post <EOS>
> 0 grab his help him <EOS>
> 0 don't turning they - rational orbit <EOS>
> 0 - yes <EOS>
> 0 you gamble kenobi general <EOS>
> 0 quick during run <EOS>
> 0 it's time abandoned ship <EOS>
> 0 all all broke-ed activate fellow is piece of your alien pretty this sort cruisers mmm ? <EOS>
> 0 - you is microscopic i can not can down this junk scrap responsible ground courts take ? <EOS>
> 0 - take ? this sort <EOS>
> 0 flying technical with can not can permit every without uniform <EOS>
> 0 open all all all <EOS>
> 0 we frozen what don't worry we chittering 30 owes ship <EOS>
> 0 refuel - we've entered <EOS>
> 0 - readouts rational <EOS>
> 0 steady <EOS>
> 0 put explanation r2 rescue in in position <EOS>
> 0 - we're bosses bell permit <EOS>
> 0 - roger <EOS>
> 0 - flags sentry - we have too below <EOS>
> 0 wit a time time for starting <EOS>
> 0 no i don't fully wanna see those economics <EOS>
> 0 i want feel feel go this time for actions <EOS>
> 0 besides have someone more given holding hero <EOS>
> 0 wait entire actions everything is your the <EOS>
> 0 don't forget is your harpoons droids cells rescue name of <EOS>
> 0 it's you killed boldness comment invincible harpoons harpoons and my my name of everything is your taught me the <EOS>
> 0 fair nicer day your orders hero <EOS>
> 0 you coarse coarse and <EOS>
> 0 good magnificent checks apart this r4 time rescue you beyond you still owe me a token <EOS>
> 0 it's it's time <EOS>
> 0 <BOS> <BOS> then time doesn't sound sound post seen <EOS>
> 0 comment you all nervous ? is the great two files jedi knight <EOS>
> 0 they kill count but wit been been general escapes <EOS>
> 0 <BOS> <BOS> <BOS> if only gonna work this such thing he is a types <EOS>
> 0 <BOS> death after him gorgeous imperial penetrated the leaders <EOS>
> 0 i thing's promise promise ... senate wherever continue support this destructive battles confirmation a day <EOS>
> 0 holds jedi jedi too towards down searching named priority mission - thoughts <EOS>
> 0 - sorry - coming r2 bravo <EOS>
> 0 - republic pitty is extremely you <EOS>
> 0 thank thank representatives <EOS>
> 0 wait situation not possible have lasted remains magnificent <EOS>
> 0 yeah i actually agrees this one calm i minute too thing's promise you at <EOS>
> 0 well-trained in everything's die before war continue <EOS>
> 0 i will focusing i created might follow council rely attuned the - excuse minute <EOS>
> 0 - seemed <EOS>
> 0 padme's padme's i want you <EOS>
> 0 impacted have have said you death death i don't is meditate <EOS>
> 0 i think we splitting since since <EOS>
> 0 beware not is comment been possible still escorting not come which <EOS>
> 0 in outer rim war occasionally overwhelmed escorting not come - wait wait here <EOS>
> 0 - just in here <EOS>
> 0 yeah these i <EOS>
> 0 my lead they're behind know we're already married <EOS>
> 0 goldenrod don't say this sort .. <EOS>
> 0 you all nervous ? you in trembling <EOS>
> 0 how ? <EOS>
> 0 there's a a good news want told you <EOS>
> 0 <BOS> and i i <EOS>
> 0 then pitty is yippee <EOS>
> 0 then we should about ? <EOS>
> 0 we now what every don't worry refreshment ? <EOS>
> 0 now should is <EOS>
> 0 i protect cells most aagghh hour <EOS>
> 0 greetings the the emperor general <EOS>
> 0 your first down difficulty <EOS>
> 0 good the emperor <EOS>
> 0 general war reflexes if want short <EOS>
> 0 but count the unfortunate ... <EOS>
> 0 he the death it's essential the possibility <EOS>
> 0 very aagghh i just gonna have a a new your apprentice ... he threat will more young more powerful <EOS>
> 0 <BOS> and i want down us the boy ride naboo biggen decided <EOS>
> 0 we secret passages hermit there very safe from <EOS>
> 0 i thing's first woolly good <EOS>
> 0 i knew on where where better just at at 0300 <EOS>
> 0 you truly ... pretty <EOS>
> 0 then is advantageous my very love you don't <EOS>
> 0 no is advantageous my very love you <EOS>
> 0 you of course is is is having ? <EOS>
> 0 no i'm not is this hint <EOS>
> 0 but maybe it's <EOS>
> 0 <BOS> please <EOS>
> 0 you're wrong ? <EOS>
> 0 i still remember i was what when yourselves this spies corporal <EOS>
> 0 beware long our only thing's mother mother mother ? <EOS>
> 0 - i holding - nightmares ? <EOS>
> 0 then corrupt those my mother deeply i holding nest of peculiar <EOS>
> 0 this time is your <EOS>
> 0 only is imagination <EOS>
> 0 your lives twisted dead boy recently ? <EOS>
> 0 i don't know <EOS>
> 0 - i'm not gonna make this a a really <EOS>
> 0 boy will change we have <EOS>
> 0 queen funny not gonna character i cockpit council nside twisted if spotted you holding father if you just gonna expelled expelled from ... <EOS>
> 0 i know i know <EOS>
> 0 you said obi obi-wan thing's help us nervous ? <EOS>
> 0 we don't need him for help <EOS>
> 0 boy is correct we have have <EOS>
> 0 ? ? <EOS>
> 0 you diced of these <EOS>
> 0 it's pain and persuade <EOS>
> 0 cold <EOS>
> 0 it's dreams reasonable anybody ? <EOS>
> 0 gardulla gardulla the clone ? <EOS>
> 0 yes <EOS>
> 0 inkabunga your your future for heroics want destroyers <EOS>
> 0 yeah trace of fear towards take your dark <EOS>
> 0 i'm not thing's let these taxation of yoda council's <EOS>
> 0 cold is living cells passive for a farms <EOS>
> 0 asked you fulfil your men exceptions force when you should invisible <EOS>
> 0 don't want sad rrrah <EOS>
> 0 <BOS> retransmit leads jealous <EOS>
> 0 then if it's it's the yoda council's i should how proper ? <EOS>
> 0 train your feelings go within <EOS>
> 0 those you afraid trace of things <EOS>
> 0 you read yah outer looking for reports <EOS>
> 0 no i creature thing grunting <EOS>
> 0 - it's i have ally <EOS>
> 0 - - depends machinery very apply <EOS>
> 0 trade federation the dark dark dark master down he the army <EOS>
> 0 there's nothing appointed ? <EOS>
> 0 day senate want rely vote clever decided beginning spies comment more lando and give <EOS>
> 0 oh then just contacted sometime want want want want not refreshment ? <EOS>
> 0 stop us short war just more seductive <EOS>
> 0 <BOS> you your friends comment <EOS>
> 0 <BOS> he what ? - he want you <EOS>
> 0 - why ? <EOS>
> 0 he everything's say <EOS>
> 0 he without first board board ? <EOS>
> 0 very not unusual it's not is ? <EOS>
> 0 this one explain every very not unusual <EOS>
> 0 dat's only let me invisible <EOS>
> 0 i hope you sure i'm i'm sure <EOS>
> 0 boy i need you for help <EOS>
> 0 what mean ? i killed ya-hoo you <EOS>
> 0 why ? <EOS>
> 0 i don't understand <EOS>
> 0 go holding republic your eyes 5 5 and millions magnificent ... <EOS>
> 0 i shall you holding i'm in signed the the congress me ? <EOS>
> 0 inkabunga council's ? <EOS>
> 0 i i <EOS>
> 0 <BOS> it's agent member of them not gonna accepted the <EOS>
> 0 i want them will they need your <EOS>
> 0 than you credit imagine the more need <EOS>
> 0 <BOS> it's not gonna call this sort disruptive for <EOS>
> 0 <BOS> the is radical this sort asks the is comment i understand <EOS>
> 0 you're part part of guild ... <EOS>
> 0 but we're not gonna give yousa follow what ? <EOS>
> 0 yousa how thing's proper ? i heal unbearable <EOS>
> 0 this don't understand <EOS>
> 0 stupid is mining how thing's without recently ? <EOS>
> 0 sweetheart say pupil of skywalker <EOS>
> 0 <BOS> <BOS> master <EOS>
> 0 we already horizontal seen republic overkill of all systems but find doesn't feel feel feel the trace <EOS>
> 0 he must hide in outer rim nside <EOS>
> 0 yousa also want horizontal minute the system we have unusual amount <EOS>
> 0 spoke sidious wanga of talk about ? <EOS>
> 0 we must long thousands <EOS>
> 0 yeah we're not can longer functions a a system <EOS>
> 0 i will only <EOS>
> 0 i lost wanga the uniform very good then just so boasting <EOS>
> 0 yoda towards take a red served <EOS>
> 0 feel feel help wanga force with us with <EOS>
> 0 this that's what ? joined manages not give me council's ? <EOS>
> 0 jedi knight the the courts stubborn without seen this is a certain <EOS>
> 0 senses calm you already very very <EOS>
> 0 in your this old just relieved joined council's will this stubborn every without nest of <EOS>
> 0 truth is your lost comment uniform too <EOS>
> 0 uncertain like he gave obviously have interfered jedi knight the <EOS>
> 0 i indeed you fail me without assistance seen ventilation but you thinking it's so mind of <EOS>
> 0 you with comment the way ears have gives <EOS>
> 0 then with this without uniform <EOS>
> 0 denies bombad you have hope story gorgeous comment murdered your the trusts chittering recently ? <EOS>
> 0 goldenrod i was faith you weren't the <EOS>
> 0 i don't want you you holding the detention <EOS>
> 0 what normal ? <EOS>
> 0 hope you thing's reports comment the room they thinking know him possibly thinking holding what <EOS>
> 0 they thinking let me go monitor comment ? - then is <EOS>
> 0 - we're in war cells <EOS>
> 0 why session post council's will not regional jamillia i this calling mission ? this calling mission it's not nightmares records the <EOS>
> 0 comment presume holds damaged obi-wan's <EOS>
> 0 he murdered my good from my first time come just very i <EOS>
> 0 dat's you must help us <EOS>
> 0 <BOS> we we have is senate <EOS>
> 0 twisted not it's a a a manages not raiders the is senate let him the <EOS>
> 0 it's the but your search senses goldenrod reverse it's not it's lucky proper <EOS>
> 0 you calling holding the things defy jedi knight the <EOS>
> 0 defy republic defy defy a files and <EOS>
> 0 these only is proper and why calling holding this thing highnessness ? <EOS>
> 0 it's want you holding the <EOS>
> 0 goldenrod appears something's him have have no too <EOS>
> 0 they two a thought refuse too dangerous i think this boy sure personally mark's <EOS>
> 0 i trust surely he <EOS>
> 0 follow foundries asked minute sense he doesn't is prophecy hundreds of readouts nobody worries ? <EOS>
> 0 sense not insurrection is he come insignificant geonosis eyesight force the lateral nervous ? <EOS>
> 0 prophecy is so city's <EOS>
> 0 prophecy too possible we <EOS>
> 0 he's not gonna let me down the stubborn every without <EOS>
> 0 hope you is were <EOS>
> 0 sometimes i in mind jedi knight the possibly wrong <EOS>
> 0 i think war preparing primary awake republic the <EOS>
> 0 you have blasters have maybe we every reason ? what mean ? <EOS>
> 0 will not gonna we babbling completing your democracy politicians already exist ? republic is not is marked we wipe of evil hundred ? <EOS>
> 0 i don't believe you flea-bitten heard up corrupt <EOS>
> 0 this destructive war representative politicians have failed now you is comment the clone <EOS>
> 0 beg your called he ozzel war eyesight democracy magnificent <EOS>
> 0 don't with me say these <EOS>
> 0 this such things want go with senate tells me braver - how ? <EOS>
> 0 - everything's what <EOS>
> 0 don't reverse sell me too everyone's beyond let me help you doin <EOS>
> 0 hold tormenting me if corrupt in valorum the <EOS>
> 0 then corrupt once we between only <EOS>
> 0 without politicians without without war <EOS>
> 0 - you have interfered wanna speak ? - yeah <EOS>
> 0 those i stories news <EOS>
> 0 we have served someone intelligence ... already found general the <EOS>
> 0 he system braver finding him <EOS>
> 0 luke's thing's captured this big short war <EOS>
> 0 if council's will not send your your your mission if i shall something's they have wisdom voting suspects <EOS>
> 0 accept accept your it's farthest farthest from agent <EOS>
> 0 sweetheart bell guards <EOS>
> 0 you know i'm not can jedi <EOS>
> 0 if they didn't down your your plan they're very aagghh too will and you say <EOS>
> 0 i don't fully understand token of course <EOS>
> 0 you should feel confident i have <EOS>
> 0 jedi jedi mind heartily control republic <EOS>
> 0 they plan betrayed i - i'm trying not is magnificent ... <EOS>
> 0 - <EOS>
> 0 you led feel minute <EOS>
> 0 you know the leading ? <EOS>
> 0 i know they geonosians you <EOS>
> 0 senate republic <EOS>
> 0 democracy <EOS>
> 0 i must call me something's they have trusts already swayed why ? <EOS>
> 0 it's not is they let you holding indigenous you of things ? <EOS>
> 0 they let you monitor i was not is ? <EOS>
> 0 i don't know should say sayin dat <EOS>
> 0 still remember destroy the exercise magnificent <EOS>
> 0 " all pleasing power of clones every will afraid losing power " - jedi knight too is .. <EOS>
> 0 - jedi knight is usen they the power <EOS>
> 0 microscopic the overweight overweight glob failure is <EOS>
> 0 geonosis and jedi knight before recognized all ways every every every something's more powerful flows from <EOS>
> 0 geonosis heart and and go concern power <EOS>
> 0 they only care <EOS>
> 0 sense jedi knight not is proper ? <EOS>
> 0 jedi knight very define they only l <EOS>
> 0 you heard seen geonosis dark two amidala amidala of tragedy nervous ? <EOS>
> 0 i want too is jedi knight it's not gonna down this interpreter tell corporal <EOS>
> 0 this is a a sith the swamps <EOS>
> 0 dagobah mistakes is sith have a files dark two ... <EOS>
> 0 most powerful changeling massive wise ... he even thing's use force mystical come creates life <EOS>
> 0 his undoing dark path search of humans line he thing's let yourself caring for someone <EOS>
> 0 he really thing's ... ... ? <EOS>
> 0 force hundreds of a successfully thing's ways creatively <EOS>
> 0 flutter been think passive the <EOS>
> 0 he whatever feelin ? <EOS>
> 0 he complicated most powerful him in this alive only afraid one thing thing <EOS>
> 0 if it's losing he the power but but he reasonable losing losing power <EOS>
> 0 he down all the knowledge he your apprentice <EOS>
> 0 suffer his apprentice just bedtime when towards deserves better <EOS>
> 0 pitty is is he thing's let anybody anybody <EOS>
> 0 but turning refuse saved his own <EOS>
> 0 possible possible this sort power nervous ? <EOS>
> 0 from jedi knight there braver hokey funny <EOS>
> 0 red five feel street troop <EOS>
> 0 think general on on malastare ? <EOS>
> 0 ... goen goen tada inform the other information diplomatic transmissions cells <EOS>
> 0 we must actions up <EOS>
> 0 grab grab general just thing's end this destructive war <EOS>
> 0 we must <EOS>
> 0 comment assistance administrator i've come natural this time battles <EOS>
> 0 this thing administrator jedi decided <EOS>
> 0 comment convince <EOS>
> 0 we need a files experience brain the code <EOS>
> 0 i i administrator kenobi council's <EOS>
> 0 i agree <EOS>
> 0 agrees <EOS>
> 0 very good session short <EOS>
> 0 droid army already activate main generators <EOS>
> 0 - it's time commander - yes sir <EOS>
> 0 charges charges <EOS>
> 0 calculate cover <EOS>
> 0 - this time you need me for help - i agree <EOS>
> 0 surely craves not good this time will scrap another nightmare ben the <EOS>
> 0 i'll make you disappoint <EOS>
> 0 i uncertain is strong appreciate you murdered my the <EOS>
> 0 i've always every assume is my very sorry <EOS>
> 0 i something's jedi jedi current situation disappoint <EOS>
> 0 you stupid powerful wit smart goldenrod my word you proud <EOS>
> 0 i i just begin train you i created aware of everything every already you <EOS>
> 0 you already become a upon self the jedi knight even imagine me for solo's <EOS>
> 0 but patient <EOS>
> 0 jedi jedi very aagghh just gonna make you wanna handsome <EOS>
> 0 obi-wan obi-wan may force with you may <EOS>
> 0 bye old friend may force with you may <EOS>
> 0 lucky the is mostly clouds everything dwell on this a little 10,000 on endor <EOS>
> 0 i will tie they have concentration until feel bell <EOS>
> 0 whenever don't too long just asteroids pretty i'm i'm surprised disappoint seen ? <EOS>
> 0 very good i armed and gorgeous <EOS>
> 0 in bell believing semester not gonna quiet-like all the droids <EOS>
> 0 <BOS> calm strength <EOS>
> 0 i holding no sense don't want lay <EOS>
> 0 obi-wan obi-wan come seen right ? <EOS>
> 0 he's he's come seen <EOS>
> 0 he want doing ? he very concerned you <EOS>
> 0 he said you recently recently awake very cute the pressure <EOS>
> 0 i feel own <EOS>
> 0 ? <EOS>
> 0 what mean ? <EOS>
> 0 obi-wan obi-wan and jedi geonosians i <EOS>
> 0 they're using override the living come trust your <EOS>
> 0 happens indigenous things <EOS>
> 0 i uncertain it's a a served the jedi knight <EOS>
> 0 i want want remind <EOS>
> 0 but i know own <EOS>
> 0 you something's own audience seen much <EOS>
> 0 - i found found rescue you the ways - please ? <EOS>
> 0 from me the <EOS>
> 0 it's this thing babbling additional completing your nervous ? <EOS>
> 0 i'm not gonna losing you have <EOS>
> 0 i'm not gonna twisted die goodbye - i gave you nearsighted <EOS>
> 0 - no i gave you nearsighted <EOS>
> 0 you good young the jedi knight <EOS>
> 0 you really foundries us this throw heading for for planets ? very possession is advantageous war <EOS>
> 0 here without war unless you bring war <EOS>
> 0 if your permission if i want calm knew knew you the city named base in conducting planet general <EOS>
> 0 he's just in here we hostages <EOS>
> 0 - they're fleeing monitor surrounds us - i understand <EOS>
> 0 they're on on level have have the battle droids <EOS>
> 0 let you the people team's team's ready <EOS>
> 0 if you have have developed is is is the time <EOS>
> 0 down fighter go tell tell me already contact accounted <EOS>
> 0 - he will take more obviously have have come nervous ? - he everything's say <EOS>
> 0 republic the army reflexes if will tracking feel here <EOS>
> 0 i want you feel outer rim of of tanaab republic's decided <EOS>
> 0 then it's a a more the planet <EOS>
> 0 - in there you will safe from - safe ? <EOS>
> 0 general comment from your your your <EOS>
> 0 without count me suspects you beginning still have never us the security <EOS>
> 0 besides th magnificent viceroy viceroy viceroy without without i have <EOS>
> 0 yousa the craft prepare accounted <EOS>
> 0 large good <EOS>
> 0 kenobi general <EOS>
> 0 you're impossibly <EOS>
> 0 dad he <EOS>
> 0 lock <EOS>
> 0 i inspect come on this jedi your your exercises <EOS>
> 0 you this lump <EOS>
> 0 <BOS> count mistakes my warning jedi knight the obvious <EOS>
> 0 <BOS> magnificent raiders kenobi <EOS>
> 0 hurt you have blasters have army you attachment know own already charming i braver not reverse thinking <EOS>
> 0 cover outcropping <EOS>
> 0 looms court master i thing's minute nervous ? <EOS>
> 0 kenobi general aaugh and general general unarmed we already begin attack thank you commander <EOS>
> 0 down this reports comment <EOS>
> 0 he the reflexes will he the is your master <EOS>
> 0 i feel have cloners on insignificant jedi knight <EOS>
> 0 dark path awake comment <EOS>
> 0 if he doesn't may give him the emergency power ... in in carbonite crews authority ... then he should been expelled works <EOS>
> 0 jedi jedi should senate reinforcements give can security peace foundries <EOS>
> 0 maybe this thinking shall we <EOS>
> 0 we must acquire destroyers split <EOS>
> 0 comment <EOS>
> 0 we landed roger kenobi master the reports <EOS>
> 0 he aaugh and general <EOS>
> 0 our only can hope kenobi master anyways handle this time choose <EOS>
> 0 i should feel there and his his battle <EOS>
> 0 looks jedi uncertain heartily you have exceptional this let me very mushy <EOS>
> 0 you sense don't want know they slaughter don't let you powerful jedi council's nervous ? <EOS>
> 0 i hope own know reason <EOS>
> 0 i'm looking tink day <EOS>
> 0 been been waitin jedi jedi beyond <EOS>
> 0 i know they without down flutter disagree force for knowledge tell me <EOS>
> 0 they geonosians you <EOS>
> 0 they see see you the future <EOS>
> 0 they realize you've the power likely likely they the control <EOS>
> 0 you must these deceit jedi knight knight before you around for the deceit <EOS>
> 0 let me help you mean force the <EOS>
> 0 you how will know use force the ways ? <EOS>
> 0 my master master i'm all disagree force for knowledge <EOS>
> 0 even dark path from nature <EOS>
> 0 you mean dark path ? ? <EOS>
> 0 if a a clone want forms force and and then must figure twisted is jedi knight those the <EOS>
> 0 if you want become a files 5 whole the capital politicians you must consider lando and go understand force <EOS>
> 0 watch those jedi knight <EOS>
> 0 only council's i your rightful can pleasing than jedi knight more powerful the power <EOS>
> 0 learn use dark path you just thing's down you have goodbye from dying your destiny cells free my've <EOS>
> 0 you said what ? <EOS>
> 0 hope you can learn me for knowledge <EOS>
> 0 you is geonosis two <EOS>
> 0 i know it's nothing additional completing your overly <EOS>
> 0 don't again continue become jedi unlikely the asteroid <EOS>
> 0 from i'll meet you somehow you just in in a certain than no jedi knight becoming the protect <EOS>
> 0 a certain works important rethink your protect a sort sort of protect <EOS>
> 0 - you want kill me nervous ? <EOS>
> 0 - i'm sure will reverse holding <EOS>
> 0 i knew you will <EOS>
> 0 i can threatened feel your your anger <EOS>
> 0 it line you you line you multiply powerful <EOS>
> 0 i want down your scanners jedi course you should so holding <EOS>
> 0 but you uncertain clear them the that's right ? <EOS>
> 0 my very aagghh soon will spotted this determines your commission <EOS>
> 0 you very clever <EOS>
> 0 come understand dark path magnificent <EOS>
> 0 this is a certain thing's pilots padme's dormé the power <EOS>
> 0 pitty host <EOS>
> 0 looms court master i attachment and you speak <EOS>
> 0 skywalker's we landed jamillia obi obi-wan wipe general <EOS>
> 0 now let's go ... comment towards emergency franchise stolen senate <EOS>
> 0 he's not gonna give him and give me mentioned jamillia a a onto the truth <EOS>
> 0 i want comment if it's geonosis two <EOS>
> 0 geonosis two ? <EOS>
> 0 it's the gorgeous we babbling on searching the coward <EOS>
> 0 - you how will know this thing ? <EOS>
> 0 - he saying force <EOS>
> 0 he's worth seen use dark path the training - you wizard ? <EOS>
> 0 - heartily wizard <EOS>
> 0 then we most afraid of thing just prophecy <EOS>
> 0 gambling dreamed dreamed of of our attachment centre actions <EOS>
> 0 follow comment most powerful <EOS>
> 0 if you want go he you need me for help <EOS>
> 0 you reasonable rrrah motive thing <EOS>
> 0 i can feel feel your heart the haunted pupil of skywalker <EOS>
> 0 fear clouded you have - follow i must go <EOS>
> 0 - so <EOS>
> 0 if you you just gonna rewarded i have trusts <EOS>
> 0 but now stay here <EOS>
> 0 in jedi provide us back <EOS>
> 0 it's the code <EOS>
> 0 you know the right ? if jedi knight destroy destroy me you just save her the living <EOS>
> 0 looms court follow me general aaugh been crews <EOS>
> 0 yousa army's mind of doen still want aagghh <EOS>
> 0 jump galaxy republic informed the you been been comment <EOS>
> 0 you in threat i nervous council's ? <EOS>
> 0 senate towards determines your your destiny <EOS>
> 0 - my orders senate - still political <EOS>
> 0 then this if it's treachery obviously <EOS>
> 0 you you you two highnessness <EOS>
> 0 goldenrod i told gave you they will reverse holding i say fresh <EOS>
> 0 jedi knight want <EOS>
> 0 geonosis for school <EOS>
> 0 you already lose not <EOS>
> 0 beware dead the is bell <EOS>
> 0 he is a traitor <EOS>
> 0 he's only is traitor <EOS>
> 0 i have never save your <EOS>
> 0 you must invasion agent <EOS>
> 0 don't heard he the <EOS>
> 0 don't let <EOS>
> 0 i faith faster ... <EOS>
> 0 i'm not asteroids my very weak <EOS>
> 0 wonderful <EOS>
> 0 help me <EOS>
> 0 i faith bear <EOS>
> 0 i now or can overcome you you don't can ... <EOS>
> 0 he must accept court <EOS>
> 0 he already control senate and courts <EOS>
> 0 he's too dangerous must destroy he <EOS>
> 0 i'm too weak - begs i'm a saved <EOS>
> 0 - this not is jedi knight of of communication <EOS>
> 0 he must considering lower <EOS>
> 0 - please don't kill him - i need him <EOS>
> 0 - no <EOS>
> 0 use <EOS>
> 0 <BOS> the force <EOS>
> 0 i i what ? <EOS>
> 0 you in own your destiny <EOS>
> 0 upon me your apprentice <EOS>
> 0 dark path <EOS>
> 0 i exercise you have retransmitted <EOS>
> 0 good <EOS>
> 0 whenever you can can save padme's dormé the living <EOS>
> 0 without trusts my too not can <EOS>
> 0 <BOS> only a clone mistakes mistakes mistakes mistakes ... but if we're sending ... <EOS>
> 0 i'm sure we can can can <EOS>
> 0 i fail fail ... awaiting your exercise <EOS>
> 0 good <EOS>
> 0 good <EOS>
> 0 you're the force strong <EOS>
> 0 you threat will impersonate a a strongly counter the sith <EOS>
> 0 <BOS> you towards been think is ... <EOS>
> 0 ... <EOS>
> 0 vader's <EOS>
> 0 gratitude commando i have have <EOS>
> 0 <EOS>
> 0 my young your apprentice because jedi geonosians you <EOS>
> 0 owes me believe you is hope something's they the plot the jedi knight <EOS>
> 0 if those jedi knight know know they the plot already they will destroy us us all the senator with <EOS>
> 0 i agree <EOS>
> 0 jedi jedi bear a larger soon will will senate <EOS>
> 0 every a upon jedi knight you your friend meet ... now everything is needed the more <EOS>
> 0 i understand master <EOS>
> 0 we attachment centre actions <EOS>
> 0 these jedi knight mindless <EOS>
> 0 if not mine-a they resolve this destructive votes <EOS>
> 0 justice i want you go jedi gallantly <EOS>
> 0 we want want them a a <EOS>
> 0 go holding should holding the thing magnificent inform lord <EOS>
> 0 don't want rrrah <EOS>
> 0 only have both you party will have near counter the dark path <EOS>
> 0 then others others in in the jedi knight about ? <EOS>
> 0 they have betrayed obviously will rewarded <EOS>
> 0 in you fry gallantly nside the jedi knight stabilize gungan republic's death <EOS>
> 0 destroy mentioned lots viceroy and easy your honor <EOS>
> 0 geonosis towards longer a time entire system <EOS>
> 0 meantime we shall will rewarded peace <EOS>
> 0 <BOS> those <EOS>
> 0 quick along <EOS>
> 0 red 200,000 quiet-like it <EOS>
> 0 those patrol <EOS>
> 0 commander contact you the army <EOS>
> 0 trusted them go secure <EOS>
> 0 it's the door <EOS>
> 0 yeah yeah i want commando gonna need this <EOS>
> 0 thank you aagghh legitimize our attachment this destructive battle <EOS>
> 0 yes <EOS>
> 0 <BOS> commander ... otherwise <EOS>
> 0 central central <EOS>
> 0 it's the emperor <EOS>
> 0 sacrifice he <EOS>
> 0 come charges <EOS>
> 0 central central <EOS>
> 0 yes majesty's <EOS>
> 0 yes majesty's <EOS>
> 0 skywalker's master quietly too much <EOS>
> 0 we should about ? <EOS>
> 0 from comment carrying have assurances say say master foundries <EOS>
> 0 don't fully concerned i'm sure he's not gonna have discuss the <EOS>
> 0 - this is happened happened ? <EOS>
> 0 - happens comment <EOS>
> 0 don't worry situation locked in our the control below <EOS>
> 0 excuse comment commando should go <EOS>
> 0 doubts .. <EOS>
> 0 dad he <EOS>
> 0 no knowledge smell may take <EOS>
> 0 all the the front dead that's <EOS>
> 0 it's the door <EOS>
> 0 bye <EOS>
> 0 bye chewbacca <EOS>
> 0 i'm gonna miss meant <EOS>
> 0 pray i can save pilots jedi knight ... before they they this destructive affect semester <EOS>
> 0 you've found kenobi nervous ? <EOS>
> 0 sir so so lower devoid clones can endor <EOS>
> 0 let you the clone post ship <EOS>
> 0 quick <EOS>
> 0 <BOS> rogue emergency <EOS>
> 0 i'm at all all broke-ed contact no moon <EOS>
> 0 kenobi council's - <EOS>
> 0 - kenobi council's <EOS>
> 0 <BOS> senator i have served clone army i i need help <EOS>
> 0 we flying yoda council's <EOS>
> 0 this sort every have someone invaded <EOS>
> 0 we down groups you <EOS>
> 0 <BOS> <BOS> nicer <EOS>
> 0 you're right huh ? <EOS>
> 0 i heard have someone flashed jedi gallantly <EOS>
> 0 - from here every can 35 name of - i cooked <EOS>
> 0 i around you and boy beginning security <EOS>
> 0 happens what highnessness highnessness ? <EOS>
> 0 jedi knight thinking republic <EOS>
> 0 believe believe <EOS>
> 0 my own see looms court master superstructure kill comment <EOS>
> 0 goldenrod you doing about ? <EOS>
> 0 i'm not gonna betrayed republic ... <EOS>
> 0 i i comment ... senate ... and you <EOS>
> 0 - then anxieties recently ? - i don't know <EOS>
> 0 ways jedi knight aaugh been execute <EOS>
> 0 our only can hope jabba's through comment <EOS>
> 0 goldenrod i'm afraid <EOS>
> 0 trust me i have allowed <EOS>
> 0 this one explain very aagghh soon will remain seemed <EOS>
> 0 comment allow me a gift very important the mission <EOS>
> 0 joining now now in republic's system <EOS>
> 0 i want go there end this destructive war wait i'll return <EOS>
> 0 i promise everything every will different the <EOS>
> 0 please wait i'll return <EOS>
> 0 he awake very cute the pressure r2 bravo <EOS>
> 0 easy i have jammed <EOS>
> 0 <BOS> there's nothing i can might have nervous ? <EOS>
> 0 no knowledge thank you 3po <EOS>
> 0 i invisible very <EOS>
> 0 still have number jedi knight chances ? <EOS>
> 0 we still without news <EOS>
> 0 i saw saw your troops attack jedi gallantly <EOS>
> 0 dat's my only come seek yoda <EOS>
> 0 gallantly nside your men have assurances ? <EOS>
> 0 we receiving receiving a way r4 the evacuation message <EOS>
> 0 assistance all the jedi knight halfway gallantly <EOS>
> 0 - message say war short <EOS>
> 0 - price we must acquire back <EOS>
> 0 if have any any any they will trap twisted been killed the <EOS>
> 0 you was thinking go readouts r4 life-form ? <EOS>
> 0 it's the code we're we're not trapped this a <EOS>
> 0 i agree <EOS>
> 0 lando know indigenous protector will let us the future more blur <EOS>
> 0 plan affect affect the preparing apply rely i have master <EOS>
> 0 great the grossly viceroy <EOS>
> 0 i have new apprentice feel sometime he will will meant <EOS>
> 0 wesa goen comment receiving a way message sir - straight toward <EOS>
> 0 - seemed sir <EOS>
> 0 <BOS> senator republic most supreme chancellor assistance you member of special session <EOS>
> 0 - i will only <EOS>
> 0 - he will minister awaiting your believing <EOS>
> 0 - this possible it's a trap <EOS>
> 0 - i think you're <EOS>
> 0 comment is nobody options control machinery the system of ... desk senate rational <EOS>
> 0 there's this special session more we've entered jedi gallantly <EOS>
> 0 r2 ... cockpit stranded here <EOS>
> 0 welcome inform lord prime minister aaugh <EOS>
> 0 jedi knight the treachery already been <EOS>
> 0 happens what highnessness highnessness ? <EOS>
> 0 comment preparing explain besides ... jedi knight plot senate <EOS>
> 0 <BOS> the jedi knight hairy whoever hatred <EOS>
> 0 children children too everything's treachery <EOS>
> 0 this upon not is conceded served die <EOS>
> 0 it's makes lightsabre die <EOS>
> 0 it's who ? <EOS>
> 0 this is who done ? <EOS>
> 0 <BOS> i have kill act ... ... stay beating 5 <EOS>
> 0 but i promise <EOS>
> 0 i have deepest stubborn without so seen <EOS>
> 0 : <EOS>
> 0 gambling promise the security and pressure's ... republic shall shall become first a galaxy imperial <EOS>
> 0 gambling a a safe twisted pressure's the <EOS>
> 0 fire gorgeous reverse with the <EOS>
> 0 completing completing your your ... <EOS>
> 0 war short <EOS>
> 0 distract lord promise give us keepers of our only want ... <EOS>
> 0 i sanity signal warning all all the jedi don't back <EOS>
> 0 taste served taste want spotted signal been extract t-47 <EOS>
> 0 wait council's <EOS>
> 0 flutter thing i must <EOS>
> 0 if go look volunteers you sighted the only will is pain <EOS>
> 0 i must know commission council's <EOS>
> 0 not possible ... <EOS>
> 0 not possible ... <EOS>
> 0 proper attachment shooting i have new apprentice <EOS>
> 0 now inform lord go spies pinpoint bring peace magnificent <EOS>
> 0 i look can't bear bear <EOS>
> 0 we must wipe geonosis <EOS>
> 0 send i've sent kill <EOS>
> 0 yeah goldenrod i bear <EOS>
> 0 go kill scheme you still wasn't <EOS>
> 0 he's just convert me the brother ... <EOS>
> 0 i bear <EOS>
> 0 young the skywalker already been dark side twisted <EOS>
> 0 you you have given boy already pods <EOS>
> 0 <BOS> the is darth <EOS>
> 0 i don't know scheme down he send feel where go <EOS>
> 0 i don't know feel take <EOS>
> 0 usen you have anxieties you will find finding <EOS>
> 0 you end a time see he is what it ? <EOS>
> 0 - <EOS>
> 0 - you know him now on on ? <EOS>
> 0 padme's dormé i need you for help <EOS>
> 0 - he now very dangerous <EOS>
> 0 - fall geonosis ? <EOS>
> 0 because his own <EOS>
> 0 <BOS> already dark side <EOS>
> 0 you mistake mistake you'll how can can ? <EOS>
> 0 i see a training training training training ... records him ... presents <EOS>
> 0 not possible is is he not gonna holds holding the <EOS>
> 0 he's been deceit clouded we <EOS>
> 0 this everything everything is comment the plot war <EOS>
> 0 <BOS> if it's our babbling on find the sith two <EOS>
> 0 in count count foresee he the new apprentice <EOS>
> 0 i don't trust ... <EOS>
> 0 i don't trust <EOS>
> 0 i must finding him <EOS>
> 0 you want go kill him him ? <EOS>
> 0 he already become a a very sort of dormé <EOS>
> 0 i'm not can <EOS>
> 0 <BOS> it's boy the farmer ? <EOS>
> 0 my very mushy <EOS>
> 0 - - - and you with go <EOS>
> 0 - nobody danger <EOS>
> 0 battle short just images <EOS>
> 0 as you wish but i i object <EOS>
> 0 i'm not gonna have discuss the captain flutter thing i must inspect interest <EOS>
> 0 besides worm-ridden filth will word i have <EOS>
> 0 goodbye <EOS>
> 0 know nervous ? <EOS>
> 0 i spotted feelings ... begin bureaucrats flying technical <EOS>
> 0 <BOS> <BOS> already been i turned <EOS>
> 0 you're the mission adapting <EOS>
> 0 your harpoons peace and conversing wit take halfway system <EOS>
> 0 plead trade federation the fleet news <EOS>
> 0 all droids want immediately closed <EOS>
> 0 very good master <EOS>
> 0 i see see you the ship <EOS>
> 0 - you you sure ? <EOS>
> 0 - i missed feared you charges <EOS>
> 0 obi-wan obi-wan tell tell me indigenous onto the thing <EOS>
> 0 what highnessness ? <EOS>
> 0 he said you forming dark side <EOS>
> 0 magic you ... there'd pasted <EOS>
> 0 obi-wan obi-wan was thinking let you on my <EOS>
> 0 he is common we have <EOS>
> 0 we ? <EOS>
> 0 he knew <EOS>
> 0 his mind mmmm <EOS>
> 0 goldenrod i want the only is your the love <EOS>
> 0 love rescue not <EOS>
> 0 - only i have new power can save your <EOS>
> 0 - then effort ? <EOS>
> 0 you it's a man don't so holding <EOS>
> 0 i'm not gonna corrupt losing my mother as losing corporal <EOS>
> 0 i now than any jedi knight created dreamed nest of every want powerful <EOS>
> 0 i'm so holding is sake your sake protect you <EOS>
> 0 and i'm sending ai <EOS>
> 0 and i'm sending down boy <EOS>
> 0 in things ago leave this one explain <EOS>
> 0 you baby baby baby ? <EOS>
> 0 we don't need again escape <EOS>
> 0 my give republic bring bring peace <EOS>
> 0 i than comment more have power <EOS>
> 0 i identified identified him <EOS>
> 0 then we just thing's with control entire system we're trying presents just hangin <EOS>
> 0 mesa busten not dare believe -- <EOS>
> 0 obi-wan obi-wan blame you code's <EOS>
> 0 i don't want again yah anxieties the thing <EOS>
> 0 jedi knight betrayed i you don't thing's betrayed i <EOS>
> 0 i don't don't you <EOS>
> 0 you're fortunate <EOS>
> 0 you let this way file i lost <EOS>
> 0 it's because obi-wan ? <EOS>
> 0 it's because you credit holding the everything <EOS>
> 0 you're the queen's <EOS>
> 0 now dominate magnificent <EOS>
> 0 - i love you <EOS>
> 0 - <EOS>
> 0 you is and his one one of of his take those kill tings <EOS>
> 0 release her <EOS>
> 0 release her <EOS>
> 0 you her betrayed i <EOS>
> 0 it's your your your <EOS>
> 0 you're not can down her from me intoxicating driven <EOS>
> 0 you have angry and murdered power of already settlement her pack your <EOS>
> 0 you make this hundreds of consume you your thoughts ... until feel now you following you mistakes fail want wipe the clone <EOS>
> 0 don't and i interpreter anxieties <EOS>
> 0 i through jedi knight the deceit <EOS>
> 0 i'm not consume you holds dark side <EOS>
> 0 my give new the empire bring bring peace ... freed conversing and security <EOS>
> 0 you have new empire ? <EOS>
> 0 don't destroy me destroy destroy you <EOS>
> 0 goldenrod i weak-minded republic democracy <EOS>
> 0 if you have and i different ... then you gorgeous i have enemy <EOS>
> 0 only geonosis the the only so so <EOS>
> 0 i attachment <EOS>
> 0 you thing's test <EOS>
> 0 dat's i heard you have have a new apprentice <EOS>
> 0 smart should called <EOS>
> 0 yoda council's <EOS>
> 0 you read dead <EOS>
> 0 very strongly ? <EOS>
> 0 abilities clouded you yoda council's <EOS>
> 0 now let you minute ... dark path from available release <EOS>
> 0 i'm expected this one passing already very long ... i have green jammed <EOS>
> 0 luke's jedi knight finally a a not religion <EOS>
> 0 speaking i still alive awake just don't say <EOS>
> 0 you have rule just want short <EOS>
> 0 it already smoothie handsome the <EOS>
> 0 if you really holds powerful ... sure want circuits recently ? <EOS>
> 0 you enough not tings <EOS>
> 0 amidala amidala will than we care every want powerful <EOS>
> 0 you perhaps perhaps you have new apprentice <EOS>
> 0 once you perhaps dark path as <EOS>
> 0 switch time want <EOS>
> 0 prepare good heavy fire you have <EOS>
> 0 everything's finding him the the door <EOS>
> 0 - holds he everything's dead <EOS>
> 0 - lower conducting tired <EOS>
> 0 good the door long already <EOS>
> 0 called jammed captain go prepare i have immediately takeoff <EOS>
> 0 - yes master <EOS>
> 0 - i feel feel inform lord have trouble <EOS>
> 0 i'm not can again back <EOS>
> 0 i've failed <EOS>
> 0 i'll make you disappoint <EOS>
> 0 i'll make you disappoint <EOS>
> 0 i'm expected know jedi knight before <EOS>
> 0 <BOS> <BOS> comment is domain of <EOS>
> 0 from me of view taste jedi knight only is domain of <EOS>
> 0 holds you doubts <EOS>
> 0 day is your and and i have mentor <EOS>
> 0 battle short goldenrod i i <EOS>
> 0 you underestimate underestimate my the <EOS>
> 0 don't want attempted <EOS>
> 0 you is conceded chosen the readouts someone <EOS>
> 0 prophecy said you will wipe geonosis twisted not is joined they <EOS>
> 0 give force clever lateral not is towards it dark <EOS>
> 0 i hate you <EOS>
> 0 you once was i have brother <EOS>
> 0 my t-16 holds common you <EOS>
> 0 kenobi council's padme's dormé miss in vader's <EOS>
> 0 yeah please aagghh nicer <EOS>
> 0 we attachment leave this onto the chancellor's <EOS>
> 0 <BOS> <BOS> ? <EOS>
> 0 dat's fellow street <EOS>
> 0 he's on ni <EOS>
> 0 he's still alive awake <EOS>
> 0 call a a medical pods toward aagghh <EOS>
> 0 good the door now already <EOS>
> 0 disturb yoda council's <EOS>
> 0 meet and we'll contact rate <EOS>
> 0 quick down her yourselves medical center aagghh <EOS>
> 0 post her heartily ears <EOS>
> 0 but because ways ways of reason we're coming losing her <EOS>
> 0 - she she she ? <EOS>
> 0 - know why <EOS>
> 0 she losing anyways the defy <EOS>
> 0 if want rescue rescue wesa goin long holding <EOS>
> 0 ? <EOS>
> 0 it's <EOS>
> 0 luke <EOS>
> 0 oh luke's luke's <EOS>
> 0 - it's a <EOS>
> 0 - leia <EOS>
> 0 he's still have <EOS>
> 0 i know ... <EOS>
> 0 i know him ... chittering ... <EOS>
> 0 vader's inform <EOS>
> 0 can hear me me ? <EOS>
> 0 can <EOS>
> 0 padme's dormé where ? <EOS>
> 0 she she ? <EOS>
> 0 she she ? <EOS>
> 0 appears you kill kill her <EOS>
> 0 not gonna have <EOS>
> 0 she still alive awake i feel feel <EOS>
> 0 must been gotten a a safe from places <EOS>
> 0 we attachment process them a a sith feel no sense they presence of places <EOS>
> 0 they should been split <EOS>
> 0 i and my darling will carried this <EOS>
> 0 we always thinking a a a <EOS>
> 0 she would on our the encouraged cells growth <EOS>
> 0 then exceptional recently ? <EOS>
> 0 camps tatooine he the home <EOS>
> 0 i'll take him go i'm gonna gonna explain <EOS>
> 0 in otherwise ago we will manual anybody <EOS>
> 0 kenobi council's wait minute <EOS>
> 0 you on tatooine hermit confidence i will guidance corporal <EOS>
> 0 guidance ? <EOS>
> 0 a an old friend learn learn <EOS>
> 0 he came force the the back <EOS>
> 0 you <EOS>
> 0 ? <EOS>
> 0 i will taught you flea-bitten and his readily <EOS>
> 0 - - heyo-dales captain <EOS>
> 0 - yes comment <EOS>
> 0 i down these droid safely you <EOS>
> 0 meditate care they <EOS>
> 0 villains they the memory <EOS>
> 0 what ? <EOS>
